  Building Custom Rule C:/BlenderStuff/BlenderScope/source/blender/imbuf/CMakeLists.txt
  CMake does not need to re-run because C:/BlenderStuff/BlenderScope/Build/source/blender/imbuf/CMakeFiles/generate.stamp is up-to-date.
  allocimbuf.c
  anim_movie.c
  bmp.c
  cache.c
  colormanagement.c
  divers.c
  filetype.c
  filter.c
  imageprocess.c
  indexer.c
  iris.c
  jpeg.c
  metadata.c
  module.c
  moviecache.c
  png.c
  readimage.c
  rectop.c
  rotate.c
  scaling.c
  stereoimbuf.c
  targa.c
  thumbs.c
  thumbs_blend.c
  thumbs_font.c
  util.c
  writeimage.c
  tiff.c
  jp2.c
  radiance_hdr.c
  bf_imbuf.vcxproj -> C:\BlenderStuff\BlenderScope\Build\lib\Release\bf_imbuf.lib
