  Building Custom Rule C:/BlenderStuff/BlenderScope/source/blender/makesrna/intern/CMakeLists.txt
  CMake does not need to re-run because C:/BlenderStuff/BlenderScope/Build/source/blender/makesrna/intern/CMakeFiles/generate.stamp is up-to-date.
  makesrna.c
  rna_define.c
  rna_ID.c
  rna_action.c
  rna_animation.c
  rna_animviz.c
  rna_armature.c
C:\BlenderStuff\BlenderScope\source\blender\makesrna\intern\makesrna.c(3198): warning C4090: 'function': different 'const' qualifiers
  rna_boid.c
  rna_brush.c
  rna_cachefile.c
  rna_camera.c
  rna_cloth.c
  rna_collection.c
  rna_color.c
  rna_constraint.c
  rna_context.c
  rna_curve.c
  rna_depsgraph.c
  rna_dynamicpaint.c
  rna_fcurve.c
  rna_fluidsim.c
  rna_gpencil.c
  rna_gpencil_modifier.c
  rna_image.c
  rna_key.c
  rna_lamp.c
  rna_lattice.c
  rna_layer.c
  rna_lightprobe.c
  rna_linestyle.c
  rna_main.c
  rna_mask.c
  rna_material.c
  rna_mesh.c
  rna_meta.c
  rna_modifier.c
  rna_movieclip.c
  rna_nla.c
  rna_nodetree.c
  rna_object.c
  rna_object_force.c
  rna_packedfile.c
  rna_palette.c
  rna_particle.c
  rna_pose.c
  rna_render.c
  rna_rigidbody.c
  rna_rna.c
  rna_scene.c
  rna_screen.c
  rna_sculpt_paint.c
  rna_sequencer.c
  rna_shader_fx.c
  rna_smoke.c
  rna_sound.c
C:\BlenderStuff\BlenderScope\source\blender\makesrna\intern\rna_scene.c(3231): warning C4028: formal parameter 2 different from declaration
  rna_space.c
  rna_speaker.c
  rna_test.c
  rna_text.c
  rna_texture.c
  rna_timeline.c
  rna_tracking.c
  rna_ui.c
  rna_userdef.c
  rna_vfont.c
  rna_wm.c
  rna_wm_gizmo.c
  rna_workspace.c
  rna_world.c
  rna_action_api.c
  rna_animation_api.c
  rna_armature_api.c
  rna_camera_api.c
  rna_curve_api.c
  rna_fcurve_api.c
  rna_image_api.c
  rna_lattice_api.c
  rna_main_api.c
  rna_material_api.c
  rna_mesh_api.c
  rna_meta_api.c
  rna_object_api.c
  rna_pose_api.c
  rna_scene_api.c
  rna_sequencer_api.c
  rna_sound_api.c
  rna_space_api.c
  rna_text_api.c
  rna_texture_api.c
  rna_ui_api.c
  rna_vfont_api.c
  rna_wm_api.c
  rna_wm_gizmo_api.c
  rna_workspace_api.c
  mallocn.c
  mallocn_guarded_impl.c
  mallocn_lockfree_impl.c
  mmap_win.c
  makesrna.vcxproj -> C:\BlenderStuff\BlenderScope\Build\bin\Release\makesrna.exe
