  Building Custom Rule C:/BlenderStuff/BlenderScope/source/blender/editors/space_clip/CMakeLists.txt
  CMake does not need to re-run because C:/BlenderStuff/BlenderScope/Build/source/blender/editors/space_clip/CMakeFiles/generate.stamp is up-to-date.
  clip_buttons.c
  clip_dopesheet_draw.c
  clip_dopesheet_ops.c
  clip_draw.c
  clip_editor.c
  clip_graph_draw.c
  clip_graph_ops.c
  clip_ops.c
  clip_toolbar.c
  clip_utils.c
  space_clip.c
  tracking_ops.c
  tracking_ops_detect.c
  tracking_ops_orient.c
  tracking_ops_plane.c
  tracking_ops_solve.c
  tracking_ops_stabilize.c
  tracking_ops_track.c
  tracking_ops_utils.c
  tracking_select.c
  bf_editor_space_clip.vcxproj -> C:\BlenderStuff\BlenderScope\Build\lib\Release\bf_editor_space_clip.lib
