  Building Custom Rule C:/BlenderStuff/BlenderScope/source/blender/python/intern/CMakeLists.txt
  CMake does not need to re-run because C:/BlenderStuff/BlenderScope/Build/source/blender/python/intern/CMakeFiles/generate.stamp is up-to-date.
  bpy.c
  bpy_app.c
  bpy_app_alembic.c
  bpy_app_build_options.c
  bpy_app_ffmpeg.c
  bpy_app_handlers.c
  bpy_app_icons.c
  bpy_app_ocio.c
  bpy_app_oiio.c
  bpy_app_opensubdiv.c
  bpy_app_openvdb.c
  bpy_app_sdl.c
  bpy_app_timers.c
  bpy_app_translations.c
  bpy_capi_utils.c
  bpy_driver.c
  bpy_gizmo_wrap.c
  bpy_interface.c
  bpy_interface_atexit.c
  bpy_intern_string.c
  bpy_library_load.c
  bpy_library_write.c
  bpy_msgbus.c
  bpy_operator.c
  bpy_operator_wrap.c
  bpy_path.c
  bpy_props.c
  bpy_rna.c
  bpy_rna_anim.c
  bpy_rna_array.c
  bpy_rna_callback.c
  bpy_rna_driver.c
  bpy_rna_gizmo.c
  bpy_rna_id_collection.c
  bpy_traceback.c
  bpy_utils_previews.c
  bpy_utils_units.c
  stubs.c
  bf_python.vcxproj -> C:\BlenderStuff\BlenderScope\Build\lib\Release\bf_python.lib
