  Building Custom Rule C:/BlenderStuff/BlenderScope/source/blender/blenlib/CMakeLists.txt
  CMake does not need to re-run because C:/BlenderStuff/BlenderScope/Build/source/blender/blenlib/CMakeFiles/generate.stamp is up-to-date.
  BLI_args.c
  BLI_array.c
  BLI_dial_2d.c
  BLI_dynstr.c
  BLI_filelist.c
  BLI_ghash.c
  BLI_ghash_utils.c
  BLI_heap.c
  BLI_heap_simple.c
  BLI_kdopbvh.c
  BLI_kdtree.c
  BLI_linklist.c
  BLI_linklist_lockfree.c
  BLI_memarena.c
  BLI_memiter.c
  BLI_mempool.c
  BLI_timer.c
  DLRB_tree.c
  array_store.c
  array_store_utils.c
  array_utils.c
  astar.c
  bitmap.c
  bitmap_draw_2d.c
  boxpack_2d.c
  buffer.c
  callbacks.c
  convexhull_2d.c
  dynlib.c
  easing.c
  edgehash.c
  endian_switch.c
  expr_pylike_eval.c
  fileops.c
  fnmatch.c
  freetypefont.c
  gsqueue.c
  hash_md5.c
  hash_mm2a.c
  hash_mm3.c
  jitter_2d.c
  lasso_2d.c
  listbase.c
  math_base.c
  math_color.c
  math_geom.c
  math_interp.c
  math_matrix.c
  math_rotation.c
  math_solvers.c
  math_statistics.c
  math_vector.c
  memory_utils.c
  noise.c
  path_util.c
  polyfill_2d.c
  polyfill_2d_beautify.c
  quadric.c
  rand.c
  rct.c
  scanfill.c
  scanfill_utils.c
  smallhash.c
  sort.c
  sort_utils.c
  stack.c
  storage.c
C:\BlenderStuff\BlenderScope\source\blender\blenlib\intern\path_util.c(476): warning C4189: 'copy_start': local variable is initialized but not referenced
C:\BlenderStuff\BlenderScope\source\blender\blenlib\intern\path_util.c(1818): warning C4028: formal parameter 1 different from declaration
C:\BlenderStuff\BlenderScope\source\blender\blenlib\intern\path_util.c(1818): warning C4028: formal parameter 3 different from declaration
C:\BlenderStuff\BlenderScope\source\blender\blenlib\intern\path_util.c(1818): warning C4028: formal parameter 4 different from declaration
  string.c
  string_cursor_utf8.c
  string_utf8.c
  string_utils.c
  system.c
  task.c
  threads.c
  time.c
  timecode.c
  uvproject.c
  voronoi_2d.c
  voxel.c
  winstuff.c
  winstuff_dir.c
  bf_blenlib.vcxproj -> C:\BlenderStuff\BlenderScope\Build\lib\Release\bf_blenlib.lib
