  Building Custom Rule C:/BlenderStuff/BlenderScope/source/blender/editors/space_view3d/CMakeLists.txt
  CMake does not need to re-run because C:/BlenderStuff/BlenderScope/Build/source/blender/editors/space_view3d/CMakeFiles/generate.stamp is up-to-date.
  drawobject.c
  space_view3d.c
  view3d_buttons.c
  view3d_camera_control.c
  view3d_draw.c
  view3d_draw_legacy.c
  view3d_edit.c
  view3d_fly.c
  view3d_gizmo_armature.c
  view3d_gizmo_camera.c
  view3d_gizmo_empty.c
  view3d_gizmo_forcefield.c
  view3d_gizmo_lamp.c
  view3d_gizmo_navigate.c
  view3d_gizmo_navigate_type.c
  view3d_gizmo_preselect.c
  view3d_gizmo_preselect_type.c
  view3d_gizmo_ruler.c
  view3d_header.c
  view3d_iterators.c
  view3d_ops.c
  view3d_project.c
  view3d_select.c
  view3d_snap.c
  view3d_toolbar.c
  view3d_utils.c
  view3d_view.c
  view3d_walk.c
  bf_editor_space_view3d.vcxproj -> C:\BlenderStuff\BlenderScope\Build\lib\Release\bf_editor_space_view3d.lib
