  Generating 2.80/python/lib/site-packages
  Building Custom Rule C:/BlenderStuff/BlenderScope/source/creator/CMakeLists.txt
  CMake does not need to re-run because C:/BlenderStuff/BlenderScope/Build/source/creator/CMakeFiles/generate.stamp is up-to-date.
  Generating 2.80/python/lib/site-packages/numpy
  x ./
  x ./numpy/
  x ./numpy/add_newdocs.py
  x ./numpy/compat/
  x ./numpy/compat/py3k.py
  x ./numpy/compat/setup.py
  x ./numpy/compat/_inspect.py
  x ./numpy/compat/__init__.py
  x ./numpy/conftest.py
  x ./numpy/core/
  x ./numpy/core/arrayprint.py
  x ./numpy/core/cversions.py
  x ./numpy/core/defchararray.py
  x ./numpy/core/einsumfunc.py
  x ./numpy/core/fromnumeric.py
  x ./numpy/core/function_base.py
  x ./numpy/core/generate_numpy_api.py
  x ./numpy/core/getlimits.py
  x ./numpy/core/info.py
  x ./numpy/core/machar.py
  x ./numpy/core/memmap.py
  x ./numpy/core/multiarray.cp37-win_amd64.pyd
  x ./numpy/core/numeric.py
  x ./numpy/core/numerictypes.py
  x ./numpy/core/records.py
  x ./numpy/core/setup.py
  x ./numpy/core/setup_common.py
  x ./numpy/core/shape_base.py
  x ./numpy/core/umath.cp37-win_amd64.pyd
  x ./numpy/core/umath_tests.py
  x ./numpy/core/_dummy.cp37-win_amd64.pyd
  x ./numpy/core/_internal.py
  x ./numpy/core/_methods.py
  x ./numpy/core/_multiarray_tests.cp37-win_amd64.pyd
  x ./numpy/core/_operand_flag_tests.cp37-win_amd64.pyd
  x ./numpy/core/_rational_tests.cp37-win_amd64.pyd
  x ./numpy/core/_struct_ufunc_tests.cp37-win_amd64.pyd
  x ./numpy/core/_umath_tests.cp37-win_amd64.pyd
  x ./numpy/core/__init__.py
  x ./numpy/ctypeslib.py
  x ./numpy/distutils/
  x ./numpy/distutils/ccompiler.py
  x ./numpy/distutils/command/
  x ./numpy/distutils/command/autodist.py
  x ./numpy/distutils/command/bdist_rpm.py
  x ./numpy/distutils/command/build.py
  x ./numpy/distutils/command/build_clib.py
  x ./numpy/distutils/command/build_ext.py
  x ./numpy/distutils/command/build_py.py
  x ./numpy/distutils/command/build_scripts.py
  x ./numpy/distutils/command/build_src.py
  x ./numpy/distutils/command/config.py
  x ./numpy/distutils/command/config_compiler.py
  x ./numpy/distutils/command/develop.py
  x ./numpy/distutils/command/egg_info.py
  x ./numpy/distutils/command/install.py
  x ./numpy/distutils/command/install_clib.py
  x ./numpy/distutils/command/install_data.py
  x ./numpy/distutils/command/install_headers.py
  x ./numpy/distutils/command/sdist.py
  x ./numpy/distutils/command/__init__.py
  x ./numpy/distutils/compat.py
  x ./numpy/distutils/conv_template.py
  x ./numpy/distutils/core.py
  x ./numpy/distutils/cpuinfo.py
  x ./numpy/distutils/environment.py
  x ./numpy/distutils/exec_command.py
  x ./numpy/distutils/extension.py
  x ./numpy/distutils/fcompiler/
  x ./numpy/distutils/fcompiler/absoft.py
  x ./numpy/distutils/fcompiler/compaq.py
  x ./numpy/distutils/fcompiler/g95.py
  x ./numpy/distutils/fcompiler/gnu.py
  x ./numpy/distutils/fcompiler/hpux.py
  x ./numpy/distutils/fcompiler/ibm.py
  x ./numpy/distutils/fcompiler/intel.py
  x ./numpy/distutils/fcompiler/lahey.py
  x ./numpy/distutils/fcompiler/mips.py
  x ./numpy/distutils/fcompiler/nag.py
  x ./numpy/distutils/fcompiler/none.py
  x ./numpy/distutils/fcompiler/pathf95.py
  x ./numpy/distutils/fcompiler/pg.py
  x ./numpy/distutils/fcompiler/sun.py
  x ./numpy/distutils/fcompiler/vast.py
  x ./numpy/distutils/fcompiler/__init__.py
  x ./numpy/distutils/from_template.py
  x ./numpy/distutils/info.py
  x ./numpy/distutils/intelccompiler.py
  x ./numpy/distutils/lib2def.py
  x ./numpy/distutils/line_endings.py
  x ./numpy/distutils/log.py
  x ./numpy/distutils/mingw32ccompiler.py
  x ./numpy/distutils/misc_util.py
  x ./numpy/distutils/msvc9compiler.py
  x ./numpy/distutils/msvccompiler.py
  x ./numpy/distutils/npy_pkg_config.py
  x ./numpy/distutils/numpy_distribution.py
  x ./numpy/distutils/pathccompiler.py
  x ./numpy/distutils/setup.py
  x ./numpy/distutils/system_info.py
  x ./numpy/distutils/unixccompiler.py
  x ./numpy/distutils/__config__.py
  x ./numpy/distutils/__init__.py
  x ./numpy/distutils/__version__.py
  x ./numpy/doc/
  x ./numpy/doc/basics.py
  x ./numpy/doc/broadcasting.py
  x ./numpy/doc/byteswapping.py
  x ./numpy/doc/constants.py
  x ./numpy/doc/creation.py
  x ./numpy/doc/glossary.py
  x ./numpy/doc/indexing.py
  x ./numpy/doc/internals.py
  x ./numpy/doc/misc.py
  x ./numpy/doc/structured_arrays.py
  x ./numpy/doc/subclassing.py
  x ./numpy/doc/ufuncs.py
  x ./numpy/doc/__init__.py
  x ./numpy/dual.py
  x ./numpy/f2py/
  x ./numpy/f2py/auxfuncs.py
  x ./numpy/f2py/capi_maps.py
  x ./numpy/f2py/cb_rules.py
  x ./numpy/f2py/cfuncs.py
  x ./numpy/f2py/common_rules.py
  x ./numpy/f2py/crackfortran.py
  x ./numpy/f2py/diagnose.py
  x ./numpy/f2py/f2py2e.py
  x ./numpy/f2py/f2py_testing.py
  x ./numpy/f2py/f90mod_rules.py
  x ./numpy/f2py/func2subr.py
  x ./numpy/f2py/info.py
  x ./numpy/f2py/rules.py
  x ./numpy/f2py/setup.py
  x ./numpy/f2py/use_rules.py
  x ./numpy/f2py/__init__.py
  x ./numpy/f2py/__main__.py
  x ./numpy/f2py/__version__.py
  x ./numpy/fft/
  x ./numpy/fft/fftpack.py
  x ./numpy/fft/fftpack_lite.cp37-win_amd64.pyd
  x ./numpy/fft/helper.py
  x ./numpy/fft/info.py
  x ./numpy/fft/setup.py
  x ./numpy/fft/__init__.py
  x ./numpy/lib/
  x ./numpy/lib/arraypad.py
  x ./numpy/lib/arraysetops.py
  x ./numpy/lib/arrayterator.py
  x ./numpy/lib/financial.py
  x ./numpy/lib/format.py
  x ./numpy/lib/function_base.py
  x ./numpy/lib/histograms.py
  x ./numpy/lib/index_tricks.py
  x ./numpy/lib/info.py
  x ./numpy/lib/mixins.py
  x ./numpy/lib/nanfunctions.py
  x ./numpy/lib/npyio.py
  x ./numpy/lib/polynomial.py
  x ./numpy/lib/recfunctions.py
  x ./numpy/lib/scimath.py
  x ./numpy/lib/setup.py
  x ./numpy/lib/shape_base.py
  x ./numpy/lib/stride_tricks.py
  x ./numpy/lib/twodim_base.py
  x ./numpy/lib/type_check.py
  x ./numpy/lib/ufunclike.py
  x ./numpy/lib/user_array.py
  x ./numpy/lib/utils.py
  x ./numpy/lib/_datasource.py
  x ./numpy/lib/_iotools.py
  x ./numpy/lib/_version.py
  x ./numpy/lib/__init__.py
  x ./numpy/linalg/
  x ./numpy/linalg/info.py
  x ./numpy/linalg/lapack_lite.cp37-win_amd64.pyd
  x ./numpy/linalg/linalg.py
  x ./numpy/linalg/setup.py
  x ./numpy/linalg/_umath_linalg.cp37-win_amd64.pyd
  x ./numpy/linalg/__init__.py
  x ./numpy/ma/
  x ./numpy/ma/bench.py
  x ./numpy/ma/core.py
  x ./numpy/ma/extras.py
  x ./numpy/ma/mrecords.py
  x ./numpy/ma/setup.py
  x ./numpy/ma/testutils.py
  x ./numpy/ma/timer_comparison.py
  x ./numpy/ma/version.py
  x ./numpy/ma/__init__.py
  x ./numpy/matlib.py
  x ./numpy/matrixlib/
  x ./numpy/matrixlib/defmatrix.py
  x ./numpy/matrixlib/setup.py
  x ./numpy/matrixlib/__init__.py
  x ./numpy/polynomial/
  x ./numpy/polynomial/chebyshev.py
  x ./numpy/polynomial/hermite.py
  x ./numpy/polynomial/hermite_e.py
  x ./numpy/polynomial/laguerre.py
  x ./numpy/polynomial/legendre.py
  x ./numpy/polynomial/polynomial.py
  x ./numpy/polynomial/polyutils.py
  x ./numpy/polynomial/setup.py
  x ./numpy/polynomial/_polybase.py
  x ./numpy/polynomial/__init__.py
  x ./numpy/random/
  x ./numpy/random/info.py
  x ./numpy/random/mtrand.cp37-win_amd64.pyd
  x ./numpy/random/setup.py
  x ./numpy/random/__init__.py
  x ./numpy/setup.py
  x ./numpy/testing/
  x ./numpy/testing/decorators.py
  x ./numpy/testing/noseclasses.py
  x ./numpy/testing/nosetester.py
  x ./numpy/testing/print_coercion_tables.py
  x ./numpy/testing/setup.py
  x ./numpy/testing/utils.py
  x ./numpy/testing/_private/
  x ./numpy/testing/_private/decorators.py
  x ./numpy/testing/_private/noseclasses.py
  x ./numpy/testing/_private/nosetester.py
  x ./numpy/testing/_private/parameterized.py
  x ./numpy/testing/_private/pytesttester.py
  x ./numpy/testing/_private/utils.py
  x ./numpy/testing/_private/__init__.py
  x ./numpy/testing/__init__.py
  x ./numpy/version.py
  x ./numpy/_distributor_init.py
  x ./numpy/_globals.py
  x ./numpy/_import_tools.py
  x ./numpy/__config__.py
  x ./numpy/__init__.py
