  Building Custom Rule C:/BlenderStuff/BlenderScope/source/blender/modifiers/CMakeLists.txt
  CMake does not need to re-run because C:/BlenderStuff/BlenderScope/Build/source/blender/modifiers/CMakeFiles/generate.stamp is up-to-date.
  MOD_armature.c
  MOD_array.c
  MOD_bevel.c
  MOD_boolean.c
  MOD_build.c
  MOD_cast.c
  MOD_cloth.c
  MOD_collision.c
  MOD_correctivesmooth.c
  MOD_curve.c
  MOD_datatransfer.c
  MOD_decimate.c
  MOD_displace.c
  MOD_dynamicpaint.c
  MOD_edgesplit.c
  MOD_explode.c
  MOD_fluidsim.c
  MOD_fluidsim_util.c
  MOD_hook.c
  MOD_laplaciandeform.c
  MOD_laplaciansmooth.c
  MOD_lattice.c
  MOD_mask.c
  MOD_meshcache.c
  MOD_meshcache_mdd.c
  MOD_meshcache_pc2.c
  MOD_meshcache_util.c
  MOD_meshdeform.c
  MOD_meshsequencecache.c
  MOD_mirror.c
  MOD_multires.c
  MOD_none.c
  MOD_normal_edit.c
  MOD_ocean.c
  MOD_particleinstance.c
  MOD_particlesystem.c
  MOD_remesh.c
  MOD_screw.c
  MOD_shapekey.c
  MOD_shrinkwrap.c
  MOD_simpledeform.c
  MOD_skin.c
  MOD_smoke.c
  MOD_smooth.c
  MOD_softbody.c
  MOD_solidify.c
  MOD_subsurf.c
  MOD_surface.c
  MOD_surfacedeform.c
  MOD_triangulate.c
  MOD_util.c
  MOD_uvproject.c
  MOD_uvwarp.c
  MOD_warp.c
  MOD_wave.c
  MOD_weighted_normal.c
  MOD_weightvg_util.c
  MOD_weightvgedit.c
  MOD_weightvgmix.c
  MOD_weightvgproximity.c
  MOD_wireframe.c
  bf_modifiers.vcxproj -> C:\BlenderStuff\BlenderScope\Build\lib\Release\bf_modifiers.lib
