  Building Custom Rule C:/BlenderStuff/BlenderScope/source/blender/editors/mesh/CMakeLists.txt
  CMake does not need to re-run because C:/BlenderStuff/BlenderScope/Build/source/blender/editors/mesh/CMakeFiles/generate.stamp is up-to-date.
  editface.c
  editmesh_add.c
  editmesh_add_gizmo.c
  editmesh_bevel.c
  editmesh_bisect.c
  editmesh_extrude.c
  editmesh_extrude_screw.c
  editmesh_extrude_spin.c
  editmesh_extrude_spin_gizmo.c
  editmesh_inset.c
  editmesh_intersect.c
  editmesh_knife.c
  editmesh_knife_project.c
  editmesh_loopcut.c
  editmesh_path.c
  editmesh_polybuild.c
  editmesh_preselect_edgering.c
  editmesh_preselect_elem.c
  editmesh_rip.c
  editmesh_rip_edge.c
  editmesh_select.c
  editmesh_select_similar.c
  editmesh_tools.c
  editmesh_undo.c
  editmesh_utils.c
  mesh_data.c
  mesh_mirror.c
  mesh_ops.c
  meshtools.c
  bf_editor_mesh.vcxproj -> C:\BlenderStuff\BlenderScope\Build\lib\Release\bf_editor_mesh.lib
