  Building Custom Rule C:/BlenderStuff/BlenderScope/source/blender/blenkernel/CMakeLists.txt
  CMake does not need to re-run because C:/BlenderStuff/BlenderScope/Build/source/blender/blenkernel/CMakeFiles/generate.stamp is up-to-date.
  CCGSubSurf.c
  CCGSubSurf_legacy.c
  CCGSubSurf_opensubdiv.c
  CCGSubSurf_opensubdiv_converter.c
  CCGSubSurf_util.c
  DerivedMesh.c
  action.c
  addon.c
  anim.c
  anim_sys.c
  appdir.c
  armature.c
  armature_update.c
  autoexec.c
  blender.c
  blender_copybuffer.c
  blender_undo.c
  blender_user_menu.c
  blendfile.c
  boids.c
  bpath.c
  brush.c
  bvhutils.c
  cachefile.c
  camera.c
  cdderivedmesh.c
  cloth.c
  collection.c
  collision.c
  colorband.c
  colortools.c
  constraint.c
  context.c
  crazyspace.c
  curve.c
  curve_decimate.c
  customdata.c
  customdata_file.c
  data_transfer.c
  deform.c
  displist.c
  dynamicpaint.c
  editderivedmesh.c
  editlattice.c
  editmesh.c
  editmesh_bvh.c
  editmesh_cache.c
  editmesh_tangent.c
  effect.c
  fcurve.c
  fluidsim.c
  fmodifier.c
  font.c
  freestyle.c
  gpencil.c
  gpencil_modifier.c
  icons.c
  icons_rasterize.c
  idcode.c
  idprop.c
  idprop_utils.c
  image.c
  image_gen.c
  ipo.c
  key.c
  keyconfig.c
  lamp.c
  lattice.c
  layer.c
  layer_utils.c
  library.c
  library_idmap.c
  library_override.c
  library_query.c
  library_remap.c
  lightprobe.c
  linestyle.c
  main.c
  mask.c
  mask_evaluate.c
  mask_rasterize.c
  material.c
  mball.c
  mball_tessellate.c
  mesh.c
  mesh_convert.c
  mesh_evaluate.c
  mesh_iterators.c
  mesh_mapping.c
  mesh_merge.c
  mesh_remap.c
  mesh_runtime.c
  mesh_tangent.c
  mesh_validate.c
  modifier.c
  movieclip.c
  multires.c
  multires_reshape.c
  multires_subdiv.c
  nla.c
  node.c
  object.c
  object_deform.c
  object_dupli.c
  object_facemap.c
  object_update.c
  ocean.c
  outliner_treehash.c
  packedFile.c
  paint.c
  paint_toolslots.c
  particle.c
  particle_child.c
  particle_distribute.c
  particle_system.c
  pbvh.c
  pbvh_bmesh.c
  pointcache.c
  report.c
  rigidbody.c
  scene.c
  screen.c
  seqcache.c
  seqeffects.c
  seqmodifier.c
  sequencer.c
  shader_fx.c
  shrinkwrap.c
  smoke.c
  softbody.c
  sound.c
  speaker.c
  studiolight.c
  subdiv.c
  subdiv_ccg.c
  subdiv_ccg_mask.c
  subdiv_converter.c
  subdiv_converter_mesh.c
  subdiv_displacement.c
  subdiv_displacement_multires.c
  subdiv_eval.c
  subdiv_foreach.c
  subdiv_mesh.c
  subdiv_stats.c
  subsurf_ccg.c
  suggestions.c
  text.c
  texture.c
  tracking.c
  tracking_auto.c
  tracking_detect.c
  tracking_plane_tracker.c
  tracking_region_tracker.c
  tracking_solver.c
  tracking_stabilize.c
  tracking_util.c
  undo_system.c
  unit.c
  workspace.c
  world.c
  writeavi.c
  writeffmpeg.c
  bf_blenkernel.vcxproj -> C:\BlenderStuff\BlenderScope\Build\lib\Release\bf_blenkernel.lib
