  Building Custom Rule C:/BlenderStuff/BlenderScope/intern/libmv/CMakeLists.txt
  CMake does not need to re-run because C:/BlenderStuff/BlenderScope/Build/intern/libmv/CMakeFiles/generate.stamp is up-to-date.
  autotrack.cc
  camera_intrinsics.cc
  detector.cc
  frame_accessor.cc
  image.cc
  logging.cc
  tracksN.cc
  predict_tracks.cc
  aligned_malloc.cc
  array_nd.cc
  convolve.cc
  conditioning.cc
  euclidean_resection.cc
  fundamental.cc
  panography.cc
  panography_kernel.cc
  projection.cc
  triangulation.cc
  numeric.cc
  poly.cc
  bundle.cc
  detect.cc
  distortion_models.cc
  initialize_reconstruction.cc
  intersect.cc
  keyframe_selection.cc
  modal_solver.cc
  pipeline.cc
  reconstruction_scale.cc
  resect.cc
  brute_region_tracker.cc
  hybrid_region_tracker.cc
  klt_region_tracker.cc
  pyramid_region_tracker.cc
  retrack_region_tracker.cc
  trklt_region_tracker.cc
  homography.cc
  reconstruction.cc
  track_region.cc
  tracks.cc
  autotrack.cc
  tracks.cc
  homography.cc
  camera_intrinsics.cc
  reconstruction.cc
  tracks.cc
  track_region.cc
  bf_intern_libmv.vcxproj -> C:\BlenderStuff\BlenderScope\Build\lib\Release\bf_intern_libmv.lib
