  Generating rna_ID_gen.c, rna_action_gen.c, rna_animation_gen.c, rna_animviz_gen.c, rna_armature_gen.c, rna_boid_gen.c, rna_brush_gen.c, rna_cachefile_gen.c, rna_camera_gen.c, rna_cloth_gen.c, rna_collection_gen.c, rna_color_gen.c, rna_constraint_gen.c, rna_context_gen.c, rna_curve_gen.c, rna_depsgraph_gen.c, rna_dynamicpaint_gen.c, rna_fcurve_gen.c, rna_fluidsim_gen.c, rna_gpencil_gen.c, rna_gpencil_modifier_gen.c, rna_image_gen.c, rna_key_gen.c, rna_lamp_gen.c, rna_lattice_gen.c, rna_layer_gen.c, rna_lightprobe_gen.c, rna_linestyle_gen.c, rna_main_gen.c, rna_mask_gen.c, rna_material_gen.c, rna_mesh_gen.c, rna_meta_gen.c, rna_modifier_gen.c, rna_movieclip_gen.c, rna_nla_gen.c, rna_nodetree_gen.c, rna_object_gen.c, rna_object_force_gen.c, rna_packedfile_gen.c, rna_palette_gen.c, rna_particle_gen.c, rna_pose_gen.c, rna_render_gen.c, rna_rigidbody_gen.c, rna_rna_gen.c, rna_scene_gen.c, rna_screen_gen.c, rna_sculpt_paint_gen.c, rna_sequencer_gen.c, rna_shader_fx_gen.c, rna_smoke_gen.c, rna_sound_gen.c, rna_space_gen.c, rna_speaker_gen.c, rna_test_gen.c, rna_text_gen.c, rna_texture_gen.c, rna_timeline_gen.c, rna_tracking_gen.c, rna_ui_gen.c, rna_userdef_gen.c, rna_vfont_gen.c, rna_wm_gen.c, rna_wm_gizmo_gen.c, rna_workspace_gen.c, rna_world_gen.c, rna_prototypes_gen.h
  Building Custom Rule C:/BlenderStuff/BlenderScope/source/blender/makesrna/intern/CMakeLists.txt
  CMake does not need to re-run because C:/BlenderStuff/BlenderScope/Build/source/blender/makesrna/intern/CMakeFiles/generate.stamp is up-to-date.
  rna_access.c
  rna_ID_gen.c
  rna_action_gen.c
  rna_animation_gen.c
  rna_animviz_gen.c
  rna_armature_gen.c
  rna_boid_gen.c
  rna_brush_gen.c
  rna_cachefile_gen.c
  rna_camera_gen.c
  rna_cloth_gen.c
  rna_collection_gen.c
  rna_color_gen.c
  rna_constraint_gen.c
  rna_context_gen.c
  rna_curve_gen.c
  rna_depsgraph_gen.c
  rna_dynamicpaint_gen.c
  rna_fcurve_gen.c
  rna_fluidsim_gen.c
  rna_gpencil_gen.c
  rna_gpencil_modifier_gen.c
  rna_image_gen.c
  rna_key_gen.c
  rna_lamp_gen.c
  rna_lattice_gen.c
  rna_layer_gen.c
  rna_lightprobe_gen.c
  rna_linestyle_gen.c
  rna_main_gen.c
  rna_mask_gen.c
  rna_material_gen.c
  rna_mesh_gen.c
  rna_meta_gen.c
  rna_modifier_gen.c
  rna_movieclip_gen.c
  rna_nla_gen.c
  rna_nodetree_gen.c
  rna_object_gen.c
  rna_object_force_gen.c
  rna_packedfile_gen.c
  rna_palette_gen.c
  rna_particle_gen.c
  rna_pose_gen.c
  rna_render_gen.c
  rna_rigidbody_gen.c
  rna_rna_gen.c
  rna_scene_gen.c
  rna_screen_gen.c
  rna_sculpt_paint_gen.c
  rna_sequencer_gen.c
  rna_shader_fx_gen.c
  rna_smoke_gen.c
  rna_sound_gen.c
  rna_space_gen.c
  rna_speaker_gen.c
  rna_test_gen.c
  rna_text_gen.c
  rna_texture_gen.c
  rna_timeline_gen.c
  rna_tracking_gen.c
  rna_ui_gen.c
  rna_userdef_gen.c
  rna_vfont_gen.c
  rna_wm_gen.c
  rna_wm_gizmo_gen.c
  rna_workspace_gen.c
  rna_world_gen.c
  bf_rna.vcxproj -> C:\BlenderStuff\BlenderScope\Build\lib\Release\bf_rna.lib
